Flow report for clock2
Thu Sep 20 23:14:11 2018
Quartus II 64-Bit Version 12.1 Build 177 11/07/2012 SJ Web Edition


---------------------
; Table of Contents ;
---------------------
  1. Legal Notice
  2. Flow Summary
  3. Flow Settings
  4. Flow Non-Default Global Settings
  5. Flow Elapsed Time
  6. Flow OS Summary
  7. Flow Log



----------------
; Legal Notice ;
----------------
Copyright (C) 1991-2012 Altera Corporation
Your use of Altera Corporation's design tools, logic functions 
and other software and tools, and its AMPP partner logic 
functions, and any output files from any of the foregoing 
(including device programming or simulation files), and any 
associated documentation or information are expressly subject 
to the terms and conditions of the Altera Program License 
Subscription Agreement, Altera MegaCore Function License 
Agreement, or other applicable license agreement, including, 
without limitation, that your use is for the sole purpose of 
programming logic devices manufactured by Altera and sold by 
Altera or its authorized distributors.  Please refer to the 
applicable agreement for further details.



+-------------------------------------------------------------------------------+
; Flow Summary                                                                  ;
+------------------------------------+------------------------------------------+
; Flow Status                        ; Successful - Thu Sep 20 23:14:11 2018    ;
; Quartus II 64-Bit Version          ; 12.1 Build 177 11/07/2012 SJ Web Edition ;
; Revision Name                      ; clock2                                   ;
; Top-level Entity Name              ; Digital_Clock                            ;
; Family                             ; Cyclone II                               ;
; Device                             ; EP2C20F484C7                             ;
; Timing Models                      ; Final                                    ;
; Total logic elements               ; 49 / 18,752 ( < 1 % )                    ;
;     Total combinational functions  ; 49 / 18,752 ( < 1 % )                    ;
;     Dedicated logic registers      ; 30 / 18,752 ( < 1 % )                    ;
; Total registers                    ; 30                                       ;
; Total pins                         ; 15 / 315 ( 5 % )                         ;
; Total virtual pins                 ; 0                                        ;
; Total memory bits                  ; 0 / 239,616 ( 0 % )                      ;
; Embedded Multiplier 9-bit elements ; 0 / 52 ( 0 % )                           ;
; Total PLLs                         ; 0 / 4 ( 0 % )                            ;
+------------------------------------+------------------------------------------+


+-----------------------------------------+
; Flow Settings                           ;
+-------------------+---------------------+
; Option            ; Setting             ;
+-------------------+---------------------+
; Start date & time ; 09/20/2018 23:14:01 ;
; Main task         ; Compilation         ;
; Revision Name     ; clock2              ;
+-------------------+---------------------+


+------------------------------------------------------------------------------------------------------------------------------+
; Flow Non-Default Global Settings                                                                                             ;
+-------------------------------------+---------------------------------------+---------------+---------------+----------------+
; Assignment Name                     ; Value                                 ; Default Value ; Entity Name   ; Section Id     ;
+-------------------------------------+---------------------------------------+---------------+---------------+----------------+
; COMPILER_SIGNATURE_ID               ; 30902509978270.153749964108196        ; --            ; --            ; --             ;
; EDA_OUTPUT_DATA_FORMAT              ; Verilog Hdl                           ; --            ; --            ; eda_simulation ;
; EDA_SIMULATION_TOOL                 ; ModelSim-Altera (Verilog)             ; <None>        ; --            ; --             ;
; MAX_CORE_JUNCTION_TEMP              ; 85                                    ; --            ; --            ; --             ;
; MIN_CORE_JUNCTION_TEMP              ; 0                                     ; --            ; --            ; --             ;
; PARTITION_COLOR                     ; 16764057                              ; --            ; Digital_Clock ; Top            ;
; PARTITION_FITTER_PRESERVATION_LEVEL ; PLACEMENT_AND_ROUTING                 ; --            ; Digital_Clock ; Top            ;
; PARTITION_NETLIST_TYPE              ; SOURCE                                ; --            ; Digital_Clock ; Top            ;
; POWER_BOARD_THERMAL_MODEL           ; None (CONSERVATIVE)                   ; --            ; --            ; --             ;
; POWER_PRESET_COOLING_SOLUTION       ; 23 MM HEAT SINK WITH 200 LFPM AIRFLOW ; --            ; --            ; --             ;
; PROJECT_OUTPUT_DIRECTORY            ; output_files                          ; --            ; --            ; --             ;
; TOP_LEVEL_ENTITY                    ; Digital_Clock                         ; clock2        ; --            ; --             ;
+-------------------------------------+---------------------------------------+---------------+---------------+----------------+


+-------------------------------------------------------------------------------------------------------------------------------+
; Flow Elapsed Time                                                                                                             ;
+---------------------------+--------------+-------------------------+---------------------+------------------------------------+
; Module Name               ; Elapsed Time ; Average Processors Used ; Peak Virtual Memory ; Total CPU Time (on all processors) ;
+---------------------------+--------------+-------------------------+---------------------+------------------------------------+
; Analysis & Synthesis      ; 00:00:01     ; 1.0                     ; 430 MB              ; 00:00:01                           ;
; Fitter                    ; 00:00:04     ; 1.0                     ; 539 MB              ; 00:00:03                           ;
; Assembler                 ; 00:00:01     ; 1.0                     ; 422 MB              ; 00:00:01                           ;
; TimeQuest Timing Analyzer ; 00:00:01     ; 1.0                     ; 387 MB              ; 00:00:01                           ;
; EDA Netlist Writer        ; 00:00:00     ; 1.0                     ; 367 MB              ; 00:00:00                           ;
; Total                     ; 00:00:07     ; --                      ; --                  ; 00:00:06                           ;
+---------------------------+--------------+-------------------------+---------------------+------------------------------------+


+----------------------------------------------------------------------------------------+
; Flow OS Summary                                                                        ;
+---------------------------+------------------+-----------+------------+----------------+
; Module Name               ; Machine Hostname ; OS Name   ; OS Version ; Processor type ;
+---------------------------+------------------+-----------+------------+----------------+
; Analysis & Synthesis      ; sis              ; Windows 7 ; 6.1        ; x86_64         ;
; Fitter                    ; sis              ; Windows 7 ; 6.1        ; x86_64         ;
; Assembler                 ; sis              ; Windows 7 ; 6.1        ; x86_64         ;
; TimeQuest Timing Analyzer ; sis              ; Windows 7 ; 6.1        ; x86_64         ;
; EDA Netlist Writer        ; sis              ; Windows 7 ; 6.1        ; x86_64         ;
+---------------------------+------------------+-----------+------------+----------------+


------------
; Flow Log ;
------------
quartus_map --read_settings_files=on --write_settings_files=off clock2 -c clock2
quartus_fit --read_settings_files=off --write_settings_files=off clock2 -c clock2
quartus_asm --read_settings_files=off --write_settings_files=off clock2 -c clock2
quartus_sta clock2 -c clock2
quartus_eda --read_settings_files=off --write_settings_files=off clock2 -c clock2



